<?xml version="1.0" encoding="UTF-8"?>
<testng-results skipped="0" failed="0" ignored="0" total="1" passed="1">
  <reporter-output>
  </reporter-output>
  <suite name="Default suite" duration-ms="8862" started-at="2020-01-02T10:17:04Z" finished-at="2020-01-02T10:17:13Z">
    <groups>
    </groups>
    <test name="Default test" duration-ms="8862" started-at="2020-01-02T10:17:04Z" finished-at="2020-01-02T10:17:13Z">
      <class name="akash.salesforce.NewLeadTest">
        <test-method status="PASS" signature="tierUp()[pri:0, instance:akash.salesforce.NewLeadTest@5f2108b5]" name="tierUp" is-config="true" duration-ms="8832" started-at="2020-01-02T10:17:05Z" finished-at="2020-01-02T10:17:13Z">
          <reporter-output>
          </reporter-output>
        </test-method> <!-- tierUp -->
        <test-method status="PASS" signature="fill_form1()[pri:4, instance:akash.salesforce.NewLeadTest@5f2108b5]" name="fill_form1" duration-ms="0" started-at="2020-01-02T10:17:13Z" finished-at="2020-01-02T10:17:13Z">
          <reporter-output>
          </reporter-output>
        </test-method> <!-- fill_form1 -->
        <test-method status="PASS" signature="tierDown()[pri:0, instance:akash.salesforce.NewLeadTest@5f2108b5]" name="tierDown" is-config="true" duration-ms="0" started-at="2020-01-02T10:17:13Z" finished-at="2020-01-02T10:17:13Z">
          <reporter-output>
          </reporter-output>
        </test-method> <!-- tierDown -->
      </class> <!-- akash.salesforce.NewLeadTest -->
    </test> <!-- Default test -->
  </suite> <!-- Default suite -->
</testng-results>
